<?xml version="1.0" encoding="UTF-8"?>
<!-- Generated by org.testng.reporters.JUnitReportReporter -->
<testsuite hostname="DESKTOP-AK6F89N" failures="0" tests="1" name="jenkins.NewTest" time="0.018" errors="0" timestamp="16 Nov 2019 12:56:27 GMT" skipped="0">
  <testcase classname="jenkins.NewTest" name="launchBrowser" time="0.018"/>
</testsuite> <!-- jenkins.NewTest -->
