<?xml version="1.0" encoding="UTF-8"?>
<!-- Generated by org.testng.reporters.JUnitReportReporter -->
<testsuite hostname="DESKTOP-AK6F89N" failures="0" tests="2" name="jenkins.NewTest" time="18.163" errors="0" timestamp="23 Nov 2019 09:00:03 GMT" skipped="0">
  <testcase classname="jenkins.NewTest" name="launchBrowser1" time="0.002"/>
  <testcase classname="jenkins.NewTest" name="launchBrowser" time="18.161"/>
</testsuite> <!-- jenkins.NewTest -->
